<?xml version="1.0" encoding="UTF-8"?>
<robot generator="Robot 7.1.1 (Python 3.10.12 on linux)" generated="2024-11-16T15:39:36.259927" rpa="false" schemaversion="5">
<suite id="s1" name="Tests" source="/home/sipilasi/studies/webcounter/src/tests">
<suite id="s1-s1" name="Increment" source="/home/sipilasi/studies/webcounter/src/tests/increment.robot">
<kw name="Open And Configure Browser" owner="resource" type="SETUP">
<if>
<branch type="IF" condition="$BROWSER == 'chrome'">
<kw name="Evaluate" owner="BuiltIn">
<msg time="2024-11-16T15:39:36.408064" level="INFO">${options} = &lt;selenium.webdriver.chrome.options.Options object at 0x7b9c3300af20&gt;</msg>
<var>${options}</var>
<arg>sys.modules['selenium.webdriver'].ChromeOptions()</arg>
<arg>sys</arg>
<doc>Evaluates the given expression in Python and returns the result.</doc>
<status status="PASS" start="2024-11-16T15:39:36.407691" elapsed="0.000423"/>
</kw>
<status status="PASS" start="2024-11-16T15:39:36.404364" elapsed="0.003841"/>
</branch>
<branch type="ELSE IF" condition="$BROWSER == 'firefox'">
<kw name="Evaluate" owner="BuiltIn">
<var>${options}</var>
<arg>sys.modules['selenium.webdriver'].FirefoxOptions()</arg>
<arg>sys</arg>
<doc>Evaluates the given expression in Python and returns the result.</doc>
<status status="NOT RUN" start="2024-11-16T15:39:36.408400" elapsed="0.000037"/>
</kw>
<status status="NOT RUN" start="2024-11-16T15:39:36.408259" elapsed="0.000233"/>
</branch>
<status status="PASS" start="2024-11-16T15:39:36.404330" elapsed="0.004200"/>
</if>
<if>
<branch type="IF" condition="$HEADLESS == 'true'">
<kw name="Set Selenium Speed" owner="SeleniumLibrary">
<arg>0</arg>
<doc>Sets the delay that is waited after each Selenium command.</doc>
<status status="NOT RUN" start="2024-11-16T15:39:36.408809" elapsed="0.000032"/>
</kw>
<kw name="Call Method" owner="BuiltIn">
<arg>${options}</arg>
<arg>add_argument</arg>
<arg>--headless</arg>
<doc>Calls the named method of the given object with the provided arguments.</doc>
<status status="NOT RUN" start="2024-11-16T15:39:36.408953" elapsed="0.000029"/>
</kw>
<status status="NOT RUN" start="2024-11-16T15:39:36.408596" elapsed="0.000442"/>
</branch>
<branch type="ELSE">
<kw name="Set Selenium Speed" owner="SeleniumLibrary">
<arg>${DELAY}</arg>
<doc>Sets the delay that is waited after each Selenium command.</doc>
<status status="PASS" start="2024-11-16T15:39:36.409176" elapsed="0.000299"/>
</kw>
<status status="PASS" start="2024-11-16T15:39:36.409077" elapsed="0.000465"/>
</branch>
<status status="PASS" start="2024-11-16T15:39:36.408579" elapsed="0.001002"/>
</if>
<kw name="Open Browser" owner="SeleniumLibrary">
<msg time="2024-11-16T15:39:36.410025" level="INFO">Opening browser 'chrome' to base url 'None'.</msg>
<msg time="2024-11-16T15:39:36.467225" level="WARN">The chromedriver version (130.0.6723.91) detected in PATH at /usr/bin/chromedriver might not be compatible with the detected chrome version (131.0.6778.69); currently, chromedriver 131.0.6778.69 is recommended for chrome 131.*, so it is advised to delete the driver in PATH and retry</msg>
<arg>browser=${BROWSER}</arg>
<arg>options=${options}</arg>
<doc>Opens a new browser instance to the optional ``url``.</doc>
<status status="PASS" start="2024-11-16T15:39:36.409708" elapsed="0.749371"/>
</kw>
<status status="PASS" start="2024-11-16T15:39:36.404075" elapsed="0.755287"/>
</kw>
<test id="s1-s1-t1" name="At start the counter is zero" line="7">
<kw name="Go To" owner="SeleniumLibrary">
<msg time="2024-11-16T15:39:37.160838" level="INFO">Opening url 'http://localhost:5001'</msg>
<arg>${HOME_URL}</arg>
<doc>Navigates the current browser window to the provided ``url``.</doc>
<status status="PASS" start="2024-11-16T15:39:37.160410" elapsed="0.584236"/>
</kw>
<kw name="Title Should Be" owner="SeleniumLibrary">
<msg time="2024-11-16T15:39:38.260167" level="INFO">Page title is 'Laskuri'.</msg>
<arg>Laskuri</arg>
<doc>Verifies that the current page title equals ``title``.</doc>
<status status="PASS" start="2024-11-16T15:39:37.746184" elapsed="0.514321"/>
</kw>
<kw name="Page Should Contain" owner="SeleniumLibrary">
<msg time="2024-11-16T15:39:39.309907" level="INFO">Current page contains text 'nappia painettu 0 kertaa'.</msg>
<arg>nappia painettu 0 kertaa</arg>
<doc>Verifies that current page contains ``text``.</doc>
<status status="PASS" start="2024-11-16T15:39:38.261214" elapsed="1.049200"/>
</kw>
<status status="PASS" start="2024-11-16T15:39:37.159567" elapsed="2.151727"/>
</test>
<test id="s1-s1-t2" name="When button pressed twice the counter is two" line="12">
<kw name="Go To" owner="SeleniumLibrary">
<msg time="2024-11-16T15:39:39.313814" level="INFO">Opening url 'http://localhost:5001'</msg>
<arg>${HOME_URL}</arg>
<doc>Navigates the current browser window to the provided ``url``.</doc>
<status status="PASS" start="2024-11-16T15:39:39.313243" elapsed="0.556139"/>
</kw>
<kw name="Click Button" owner="SeleniumLibrary">
<msg time="2024-11-16T15:39:39.871722" level="INFO">Clicking button 'Paina'.</msg>
<arg>Paina</arg>
<doc>Clicks the button identified by ``locator``.</doc>
<status status="PASS" start="2024-11-16T15:39:39.870560" elapsed="1.646631"/>
</kw>
<kw name="Click Button" owner="SeleniumLibrary">
<msg time="2024-11-16T15:39:41.518877" level="INFO">Clicking button 'Paina'.</msg>
<arg>Paina</arg>
<doc>Clicks the button identified by ``locator``.</doc>
<status status="PASS" start="2024-11-16T15:39:41.518102" elapsed="1.643293"/>
</kw>
<kw name="Page Should Contain" owner="SeleniumLibrary">
<msg time="2024-11-16T15:39:44.195341" level="INFO">Current page contains text 'nappia painettu 2 kertaa'.</msg>
<arg>nappia painettu 2 kertaa</arg>
<doc>Verifies that current page contains ``text``.</doc>
<status status="PASS" start="2024-11-16T15:39:43.162434" elapsed="1.033428"/>
</kw>
<status status="PASS" start="2024-11-16T15:39:39.312165" elapsed="4.884820"/>
</test>
<kw name="Close Browser" owner="SeleniumLibrary" type="TEARDOWN">
<doc>Closes the current browser.</doc>
<status status="PASS" start="2024-11-16T15:39:44.199247" elapsed="0.565026"/>
</kw>
<status status="PASS" start="2024-11-16T15:39:36.280644" elapsed="8.484055"/>
</suite>
<suite id="s1-s2" name="Reset" source="/home/sipilasi/studies/webcounter/src/tests/reset.robot">
<kw name="Open And Configure Browser" owner="resource" type="SETUP">
<if>
<branch type="IF" condition="$BROWSER == 'chrome'">
<kw name="Evaluate" owner="BuiltIn">
<msg time="2024-11-16T15:39:44.778329" level="INFO">${options} = &lt;selenium.webdriver.chrome.options.Options object at 0x7b9c32e9d810&gt;</msg>
<var>${options}</var>
<arg>sys.modules['selenium.webdriver'].ChromeOptions()</arg>
<arg>sys</arg>
<doc>Evaluates the given expression in Python and returns the result.</doc>
<status status="PASS" start="2024-11-16T15:39:44.777259" elapsed="0.001204"/>
</kw>
<status status="PASS" start="2024-11-16T15:39:44.776371" elapsed="0.002348"/>
</branch>
<branch type="ELSE IF" condition="$BROWSER == 'firefox'">
<kw name="Evaluate" owner="BuiltIn">
<var>${options}</var>
<arg>sys.modules['selenium.webdriver'].FirefoxOptions()</arg>
<arg>sys</arg>
<doc>Evaluates the given expression in Python and returns the result.</doc>
<status status="NOT RUN" start="2024-11-16T15:39:44.779268" elapsed="0.000089"/>
</kw>
<status status="NOT RUN" start="2024-11-16T15:39:44.778862" elapsed="0.000648"/>
</branch>
<status status="PASS" start="2024-11-16T15:39:44.776291" elapsed="0.003318"/>
</if>
<if>
<branch type="IF" condition="$HEADLESS == 'true'">
<kw name="Set Selenium Speed" owner="SeleniumLibrary">
<arg>0</arg>
<doc>Sets the delay that is waited after each Selenium command.</doc>
<status status="NOT RUN" start="2024-11-16T15:39:44.780475" elapsed="0.000101"/>
</kw>
<kw name="Call Method" owner="BuiltIn">
<arg>${options}</arg>
<arg>add_argument</arg>
<arg>--headless</arg>
<doc>Calls the named method of the given object with the provided arguments.</doc>
<status status="NOT RUN" start="2024-11-16T15:39:44.780913" elapsed="0.000090"/>
</kw>
<status status="NOT RUN" start="2024-11-16T15:39:44.779774" elapsed="0.001409"/>
</branch>
<branch type="ELSE">
<kw name="Set Selenium Speed" owner="SeleniumLibrary">
<arg>${DELAY}</arg>
<doc>Sets the delay that is waited after each Selenium command.</doc>
<status status="PASS" start="2024-11-16T15:39:44.781602" elapsed="0.001088"/>
</kw>
<status status="PASS" start="2024-11-16T15:39:44.781304" elapsed="0.001594"/>
</branch>
<status status="PASS" start="2024-11-16T15:39:44.779733" elapsed="0.003291"/>
</if>
<kw name="Open Browser" owner="SeleniumLibrary">
<msg time="2024-11-16T15:39:44.784448" level="INFO">Opening browser 'chrome' to base url 'None'.</msg>
<msg time="2024-11-16T15:39:44.863783" level="WARN">The chromedriver version (130.0.6723.91) detected in PATH at /usr/bin/chromedriver might not be compatible with the detected chrome version (131.0.6778.69); currently, chromedriver 131.0.6778.69 is recommended for chrome 131.*, so it is advised to delete the driver in PATH and retry</msg>
<arg>browser=${BROWSER}</arg>
<arg>options=${options}</arg>
<doc>Opens a new browser instance to the optional ``url``.</doc>
<status status="PASS" start="2024-11-16T15:39:44.783453" elapsed="0.702794"/>
</kw>
<status status="PASS" start="2024-11-16T15:39:44.775775" elapsed="0.710862"/>
</kw>
<test id="s1-s2-t1" name="When counter has a nonzero value and it is reset the value becomes zero" line="7">
<kw name="Go To" owner="SeleniumLibrary">
<msg time="2024-11-16T15:39:45.488713" level="INFO">Opening url 'http://localhost:5001'</msg>
<arg>${HOME_URL}</arg>
<doc>Navigates the current browser window to the provided ``url``.</doc>
<status status="PASS" start="2024-11-16T15:39:45.488307" elapsed="0.614091"/>
</kw>
<kw name="Click Button" owner="SeleniumLibrary">
<msg time="2024-11-16T15:39:46.104044" level="INFO">Clicking button 'Paina'.</msg>
<arg>Paina</arg>
<doc>Clicks the button identified by ``locator``.</doc>
<status status="PASS" start="2024-11-16T15:39:46.103300" elapsed="1.639966"/>
</kw>
<kw name="Click Button" owner="SeleniumLibrary">
<msg time="2024-11-16T15:39:47.744714" level="INFO">Clicking button 'Nollaa'.</msg>
<arg>Nollaa</arg>
<doc>Clicks the button identified by ``locator``.</doc>
<status status="PASS" start="2024-11-16T15:39:47.744065" elapsed="1.657401"/>
</kw>
<kw name="Page Should Contain" owner="SeleniumLibrary">
<msg time="2024-11-16T15:39:50.437077" level="INFO">Current page contains text 'nappia painettu 0 kertaa'.</msg>
<arg>nappia painettu 0 kertaa</arg>
<doc>Verifies that current page contains ``text``.</doc>
<status status="PASS" start="2024-11-16T15:39:49.402589" elapsed="1.034897"/>
</kw>
<status status="PASS" start="2024-11-16T15:39:45.486966" elapsed="4.951383"/>
</test>
<kw name="Close Browser" owner="SeleniumLibrary" type="TEARDOWN">
<doc>Closes the current browser.</doc>
<status status="PASS" start="2024-11-16T15:39:50.440020" elapsed="0.561157"/>
</kw>
<status status="PASS" start="2024-11-16T15:39:44.767883" elapsed="6.233485"/>
</suite>
<suite id="s1-s3" name="Set Value" source="/home/sipilasi/studies/webcounter/src/tests/set_value.robot">
<kw name="Open And Configure Browser" owner="resource" type="SETUP">
<if>
<branch type="IF" condition="$BROWSER == 'chrome'">
<kw name="Evaluate" owner="BuiltIn">
<msg time="2024-11-16T15:39:51.008002" level="INFO">${options} = &lt;selenium.webdriver.chrome.options.Options object at 0x7b9c32e9cc70&gt;</msg>
<var>${options}</var>
<arg>sys.modules['selenium.webdriver'].ChromeOptions()</arg>
<arg>sys</arg>
<doc>Evaluates the given expression in Python and returns the result.</doc>
<status status="PASS" start="2024-11-16T15:39:51.007537" elapsed="0.000539"/>
</kw>
<status status="PASS" start="2024-11-16T15:39:51.007081" elapsed="0.001107"/>
</branch>
<branch type="ELSE IF" condition="$BROWSER == 'firefox'">
<kw name="Evaluate" owner="BuiltIn">
<var>${options}</var>
<arg>sys.modules['selenium.webdriver'].FirefoxOptions()</arg>
<arg>sys</arg>
<doc>Evaluates the given expression in Python and returns the result.</doc>
<status status="NOT RUN" start="2024-11-16T15:39:51.008448" elapsed="0.000048"/>
</kw>
<status status="NOT RUN" start="2024-11-16T15:39:51.008254" elapsed="0.000322"/>
</branch>
<status status="PASS" start="2024-11-16T15:39:51.007034" elapsed="0.001594"/>
</if>
<if>
<branch type="IF" condition="$HEADLESS == 'true'">
<kw name="Set Selenium Speed" owner="SeleniumLibrary">
<arg>0</arg>
<doc>Sets the delay that is waited after each Selenium command.</doc>
<status status="NOT RUN" start="2024-11-16T15:39:51.009013" elapsed="0.000073"/>
</kw>
<kw name="Call Method" owner="BuiltIn">
<arg>${options}</arg>
<arg>add_argument</arg>
<arg>--headless</arg>
<doc>Calls the named method of the given object with the provided arguments.</doc>
<status status="NOT RUN" start="2024-11-16T15:39:51.009254" elapsed="0.000041"/>
</kw>
<status status="NOT RUN" start="2024-11-16T15:39:51.008717" elapsed="0.000647"/>
</branch>
<branch type="ELSE">
<kw name="Set Selenium Speed" owner="SeleniumLibrary">
<arg>${DELAY}</arg>
<doc>Sets the delay that is waited after each Selenium command.</doc>
<status status="PASS" start="2024-11-16T15:39:51.009564" elapsed="0.000436"/>
</kw>
<status status="PASS" start="2024-11-16T15:39:51.009420" elapsed="0.000687"/>
</branch>
<status status="PASS" start="2024-11-16T15:39:51.008693" elapsed="0.001466"/>
</if>
<kw name="Open Browser" owner="SeleniumLibrary">
<msg time="2024-11-16T15:39:51.010908" level="INFO">Opening browser 'chrome' to base url 'None'.</msg>
<msg time="2024-11-16T15:39:51.078536" level="WARN">The chromedriver version (130.0.6723.91) detected in PATH at /usr/bin/chromedriver might not be compatible with the detected chrome version (131.0.6778.69); currently, chromedriver 131.0.6778.69 is recommended for chrome 131.*, so it is advised to delete the driver in PATH and retry</msg>
<arg>browser=${BROWSER}</arg>
<arg>options=${options}</arg>
<doc>Opens a new browser instance to the optional ``url``.</doc>
<status status="PASS" start="2024-11-16T15:39:51.010378" elapsed="0.762961"/>
</kw>
<status status="PASS" start="2024-11-16T15:39:51.006697" elapsed="0.766912"/>
</kw>
<test id="s1-s3-t1" name="When value is submitted the counter value changes to that value" line="7">
<kw name="Go To" owner="SeleniumLibrary">
<msg time="2024-11-16T15:39:51.774903" level="INFO">Opening url 'http://localhost:5001'</msg>
<arg>${HOME_URL}</arg>
<doc>Navigates the current browser window to the provided ``url``.</doc>
<status status="PASS" start="2024-11-16T15:39:51.774574" elapsed="0.581958"/>
</kw>
<kw name="Input Text" owner="SeleniumLibrary">
<msg time="2024-11-16T15:39:52.358288" level="INFO">Typing text '10' into text field 'value'.</msg>
<arg>value</arg>
<arg>10</arg>
<doc>Types the given ``text`` into the text field identified by ``locator``.</doc>
<status status="PASS" start="2024-11-16T15:39:52.357529" elapsed="1.677956"/>
</kw>
<kw name="Click Button" owner="SeleniumLibrary">
<msg time="2024-11-16T15:39:54.037112" level="INFO">Clicking button 'aseta'.</msg>
<arg>aseta</arg>
<doc>Clicks the button identified by ``locator``.</doc>
<status status="PASS" start="2024-11-16T15:39:54.036451" elapsed="1.670479"/>
</kw>
<kw name="Page Should Contain" owner="SeleniumLibrary">
<msg time="2024-11-16T15:39:56.744149" level="INFO">Current page contains text 'nappia painettu 10 kertaa'.</msg>
<arg>nappia painettu 10 kertaa</arg>
<doc>Verifies that current page contains ``text``.</doc>
<status status="PASS" start="2024-11-16T15:39:55.707992" elapsed="1.036626"/>
</kw>
<status status="PASS" start="2024-11-16T15:39:51.773807" elapsed="4.971755"/>
</test>
<kw name="Close Browser" owner="SeleniumLibrary" type="TEARDOWN">
<doc>Closes the current browser.</doc>
<status status="PASS" start="2024-11-16T15:39:56.747019" elapsed="0.560381"/>
</kw>
<status status="PASS" start="2024-11-16T15:39:51.002474" elapsed="6.305260"/>
</suite>
<status status="PASS" start="2024-11-16T15:39:36.260969" elapsed="21.049343"/>
</suite>
<statistics>
<total>
<stat pass="4" fail="0" skip="0">All Tests</stat>
</total>
<tag>
</tag>
<suite>
<stat pass="4" fail="0" skip="0" id="s1" name="Tests">Tests</stat>
<stat pass="2" fail="0" skip="0" id="s1-s1" name="Increment">Tests.Increment</stat>
<stat pass="1" fail="0" skip="0" id="s1-s2" name="Reset">Tests.Reset</stat>
<stat pass="1" fail="0" skip="0" id="s1-s3" name="Set Value">Tests.Set Value</stat>
</suite>
</statistics>
<errors>
<msg time="2024-11-16T15:39:36.467225" level="WARN">The chromedriver version (130.0.6723.91) detected in PATH at /usr/bin/chromedriver might not be compatible with the detected chrome version (131.0.6778.69); currently, chromedriver 131.0.6778.69 is recommended for chrome 131.*, so it is advised to delete the driver in PATH and retry</msg>
<msg time="2024-11-16T15:39:44.863783" level="WARN">The chromedriver version (130.0.6723.91) detected in PATH at /usr/bin/chromedriver might not be compatible with the detected chrome version (131.0.6778.69); currently, chromedriver 131.0.6778.69 is recommended for chrome 131.*, so it is advised to delete the driver in PATH and retry</msg>
<msg time="2024-11-16T15:39:51.078536" level="WARN">The chromedriver version (130.0.6723.91) detected in PATH at /usr/bin/chromedriver might not be compatible with the detected chrome version (131.0.6778.69); currently, chromedriver 131.0.6778.69 is recommended for chrome 131.*, so it is advised to delete the driver in PATH and retry</msg>
</errors>
</robot>
